SF:lib\src\core\helper\validar_cpf.dart
DA:20,1
DA:22,5
DA:24,2
DA:26,1
DA:28,3
DA:29,4
DA:32,4
DA:34,2
DA:37,1
DA:38,1
DA:40,2
DA:41,6
DA:44,1
DA:45,1
DA:48,1
DA:51,1
DA:53,1
DA:56,1
DA:60,2
DA:64,1
DA:68,1
DA:69,3
DA:70,3
DA:72,4
DA:73,3
DA:76,1
DA:79,2
DA:80,4
DA:83,3
DA:84,3
DA:86,1
LF:31
LH:31
end_of_record
SF:lib\src\core\http_client\http_client_impl.dart
DA:6,0
DA:13,0
DA:14,0
DA:17,0
DA:22,0
DA:23,0
DA:26,0
DA:33,0
DA:34,0
DA:37,0
DA:38,0
LF:11
LH:0
end_of_record
SF:lib\src\core\http_client\rest_client.dart
DA:24,3
DA:26,1
DA:27,3
LF:3
LH:3
end_of_record
SF:lib\src\modules\login\data\models\endereco_model.dart
DA:4,6
DA:12,3
DA:22,3
DA:23,3
DA:24,3
DA:25,3
DA:26,3
DA:27,3
DA:28,3
DA:29,3
DA:30,3
LF:11
LH:11
end_of_record
SF:lib\src\modules\login\data\models\tutor_model.dart
DA:6,4
DA:16,2
DA:28,2
DA:29,2
DA:30,2
DA:31,2
DA:32,2
DA:33,2
DA:34,2
DA:35,2
DA:36,2
DA:37,2
DA:38,4
DA:42,3
DA:43,3
DA:44,3
DA:45,3
DA:46,3
DA:47,3
DA:48,3
DA:49,3
DA:50,3
DA:51,6
DA:52,3
LF:24
LH:24
end_of_record
SF:lib\src\core\error\failure.dart
DA:8,2
DA:10,2
DA:11,4
LF:3
LH:3
end_of_record
SF:lib\src\core\error\error_response.dart
DA:6,1
DA:8,1
DA:9,1
DA:10,1
DA:13,0
DA:14,0
LF:6
LH:4
end_of_record
SF:lib\src\core\error\exception.dart
DA:9,2
DA:11,1
DA:12,2
DA:18,2
DA:20,1
DA:21,2
DA:24,1
DA:25,4
DA:26,1
DA:28,1
LF:10
LH:10
end_of_record
SF:lib\src\modules\login\data\datasources\login_remote_datasource.dart
DA:15,1
DA:16,1
DA:19,1
DA:21,2
DA:23,4
DA:24,2
DA:25,2
DA:28,2
LF:8
LH:8
end_of_record
SF:lib\src\modules\login\domain\entities\endereco_entity.dart
DA:13,12
DA:23,4
DA:24,4
DA:25,4
DA:26,4
DA:27,4
DA:28,4
DA:29,4
DA:30,4
DA:31,4
DA:35,2
DA:36,2
DA:37,2
DA:38,2
DA:39,2
DA:40,2
DA:41,2
DA:42,2
DA:43,2
LF:19
LH:19
end_of_record
SF:lib\src\modules\login\domain\entities\tutor_entity.dart
DA:15,9
DA:27,1
DA:28,1
DA:29,1
DA:30,1
DA:31,1
DA:32,1
DA:33,1
DA:34,1
DA:35,1
DA:36,1
DA:37,1
LF:12
LH:12
end_of_record
SF:lib\src\modules\login\domain\repositories\login_repository_impl.dart
DA:7,1
DA:8,1
DA:11,1
DA:14,1
DA:16,2
DA:17,1
DA:20,1
DA:21,3
DA:22,1
DA:23,3
DA:24,3
DA:25,1
DA:26,3
DA:27,3
DA:28,1
DA:29,1
DA:30,1
DA:32,1
DA:33,1
DA:34,1
DA:35,1
LF:21
LH:21
end_of_record
SF:lib\src\modules\login\domain\usecases\cadastrar_usuario_usecase_impl.dart
DA:10,1
DA:12,1
DA:14,2
LF:3
LH:3
end_of_record
